<?xml version="1.0" encoding="UTF-8"?>
<testng-results skipped="0" failed="0" ignored="0" total="1" passed="1">
  <reporter-output>
    <line>
      <![CDATA[Trying to get element By.xpath: //*[@id='header']/div[2]/div/div/nav/div[1]/a ]]>
    </line>
    <line>
      <![CDATA[Found element by By.xpath: //*[@id='header']/div[2]/div/div/nav/div[1]/a]]>
    </line>
    <line>
      <![CDATA[clicked on[[ChromeDriver: chrome on XP (8a6184f6d0ca2e3146aff613618943bc)] -> xpath: //*[@id='header']/div[2]/div/div/nav/div[1]/a]]]>
    </line>
    <line>
      <![CDATA[Clicked on [[ChromeDriver: chrome on XP (8a6184f6d0ca2e3146aff613618943bc)] -> xpath: //*[@id='header']/div[2]/div/div/nav/div[1]/a] ]]>
    </line>
    <line>
      <![CDATA[Trying to get element By.xpath: //*[@id='header']/div[2]/div/div/nav/div[1]/a ]]>
    </line>
    <line>
      <![CDATA[Found element by By.xpath: //*[@id='header']/div[2]/div/div/nav/div[1]/a]]>
    </line>
    <line>
      <![CDATA[Trying to get element By.xpath: .//*[@id='email'] ]]>
    </line>
    <line>
      <![CDATA[Found element by By.xpath: .//*[@id='email']]]>
    </line>
    <line>
      <![CDATA[value of the [[ChromeDriver: chrome on XP (8a6184f6d0ca2e3146aff613618943bc)] -> xpath: .//*[@id='email']] before changed]]>
    </line>
    <line>
      <![CDATA[value of the [[ChromeDriver: chrome on XP (8a6184f6d0ca2e3146aff613618943bc)] -> xpath: .//*[@id='email']] after changed]]>
    </line>
    <line>
      <![CDATA[Trying to get element By.xpath: .//*[@id='email'] ]]>
    </line>
    <line>
      <![CDATA[Found element by By.xpath: .//*[@id='email']]]>
    </line>
    <line>
      <![CDATA[Trying to get element By.xpath: .//*[@id='passwd'] ]]>
    </line>
    <line>
      <![CDATA[Found element by By.xpath: .//*[@id='passwd']]]>
    </line>
    <line>
      <![CDATA[value of the [[ChromeDriver: chrome on XP (8a6184f6d0ca2e3146aff613618943bc)] -> xpath: .//*[@id='passwd']] before changed]]>
    </line>
    <line>
      <![CDATA[value of the [[ChromeDriver: chrome on XP (8a6184f6d0ca2e3146aff613618943bc)] -> xpath: .//*[@id='passwd']] after changed]]>
    </line>
    <line>
      <![CDATA[Trying to get element By.xpath: .//*[@id='passwd'] ]]>
    </line>
    <line>
      <![CDATA[Found element by By.xpath: .//*[@id='passwd']]]>
    </line>
    <line>
      <![CDATA[Trying to get element By.xpath: .//*[@id='SubmitLogin'] ]]>
    </line>
    <line>
      <![CDATA[Found element by By.xpath: .//*[@id='SubmitLogin']]]>
    </line>
    <line>
      <![CDATA[clicked on[[ChromeDriver: chrome on XP (8a6184f6d0ca2e3146aff613618943bc)] -> xpath: .//*[@id='SubmitLogin']]]]>
    </line>
    <line>
      <![CDATA[Clicked on [[ChromeDriver: chrome on XP (8a6184f6d0ca2e3146aff613618943bc)] -> xpath: .//*[@id='SubmitLogin']] ]]>
    </line>
    <line>
      <![CDATA[Trying to get element By.xpath: .//*[@id='SubmitLogin'] ]]>
    </line>
    <line>
      <![CDATA[Exception Occurorg.openqa.selenium.NoSuchElementException: no such element: Unable to locate element: {"method":"xpath","selector":".//*[@id='SubmitLogin']"}
  (Session info: chrome=63.0.3239.84)
  (Driver info: chromedriver=2.33.506120 (e3e53437346286c0bc2d2dc9aa4915ba81d9023f),platform=Windows NT 10.0.16299 x86_64) (WARNING: The server did not provide any stacktrace information)
Command duration or timeout: 0 milliseconds
For documentation on this error, please visit: http://seleniumhq.org/exceptions/no_such_element.html
Build info: version: '3.8.1', revision: '6e95a6684b', time: '2017-12-01T18:33:54.468Z'
System info: host: 'DESKTOP-515C8VV', ip: '192.168.182.1', os.name: 'Windows 10', os.arch: 'amd64', os.version: '10.0', java.version: '1.8.0_121'
Driver info: org.openqa.selenium.chrome.ChromeDriver
Capabilities {acceptSslCerts: true, applicationCacheEnabled: false, browserConnectionEnabled: false, browserName: chrome, chrome: {chromedriverVersion: 2.33.506120 (e3e53437346286..., userDataDir: C:\Users\Sharif\AppData\Loc...}, cssSelectorsEnabled: true, databaseEnabled: false, handlesAlerts: true, hasTouchScreen: false, javascriptEnabled: true, locationContextEnabled: true, mobileEmulationEnabled: false, nativeEvents: true, networkConnectionEnabled: false, pageLoadStrategy: normal, platform: XP, platformName: XP, rotatable: false, setWindowRect: true, takesHeapSnapshot: true, takesScreenshot: true, unexpectedAlertBehaviour: , unhandledPromptBehavior: , version: 63.0.3239.84, webStorageEnabled: true}
Session ID: 8a6184f6d0ca2e3146aff613618943bc
*** Element info: {Using=xpath, value=.//*[@id='SubmitLogin']}]]>
    </line>
  </reporter-output>
  <suite name="Regression Suit" duration-ms="12339" started-at="2017-12-10T04:44:16Z" finished-at="2017-12-10T04:44:28Z">
    <groups>
    </groups>
    <test name="Test_LoginVerifying" duration-ms="12339" started-at="2017-12-10T04:44:16Z" finished-at="2017-12-10T04:44:28Z">
      <class name="homePageTest.TC001_LoginVerify">
        <test-method status="PASS" signature="setUp()[pri:0, instance:homePageTest.TC001_LoginVerify@3cbbc1e0]" name="setUp" is-config="true" duration-ms="8594" started-at="2017-12-09T23:44:16Z" finished-at="2017-12-09T23:44:24Z">
          <reporter-output>
          </reporter-output>
        </test-method> <!-- setUp -->
        <test-method status="PASS" signature="loginToCredential()[pri:0, instance:homePageTest.TC001_LoginVerify@3cbbc1e0]" name="loginToCredential" duration-ms="2948" started-at="2017-12-09T23:44:24Z" finished-at="2017-12-09T23:44:27Z">
          <reporter-output>
            <line>
              <![CDATA[Trying to get element By.xpath: //*[@id='header']/div[2]/div/div/nav/div[1]/a ]]>
            </line>
            <line>
              <![CDATA[Found element by By.xpath: //*[@id='header']/div[2]/div/div/nav/div[1]/a]]>
            </line>
            <line>
              <![CDATA[clicked on[[ChromeDriver: chrome on XP (8a6184f6d0ca2e3146aff613618943bc)] -> xpath: //*[@id='header']/div[2]/div/div/nav/div[1]/a]]]>
            </line>
            <line>
              <![CDATA[Clicked on [[ChromeDriver: chrome on XP (8a6184f6d0ca2e3146aff613618943bc)] -> xpath: //*[@id='header']/div[2]/div/div/nav/div[1]/a] ]]>
            </line>
            <line>
              <![CDATA[Trying to get element By.xpath: //*[@id='header']/div[2]/div/div/nav/div[1]/a ]]>
            </line>
            <line>
              <![CDATA[Found element by By.xpath: //*[@id='header']/div[2]/div/div/nav/div[1]/a]]>
            </line>
            <line>
              <![CDATA[Trying to get element By.xpath: .//*[@id='email'] ]]>
            </line>
            <line>
              <![CDATA[Found element by By.xpath: .//*[@id='email']]]>
            </line>
            <line>
              <![CDATA[value of the [[ChromeDriver: chrome on XP (8a6184f6d0ca2e3146aff613618943bc)] -> xpath: .//*[@id='email']] before changed]]>
            </line>
            <line>
              <![CDATA[value of the [[ChromeDriver: chrome on XP (8a6184f6d0ca2e3146aff613618943bc)] -> xpath: .//*[@id='email']] after changed]]>
            </line>
            <line>
              <![CDATA[Trying to get element By.xpath: .//*[@id='email'] ]]>
            </line>
            <line>
              <![CDATA[Found element by By.xpath: .//*[@id='email']]]>
            </line>
            <line>
              <![CDATA[Trying to get element By.xpath: .//*[@id='passwd'] ]]>
            </line>
            <line>
              <![CDATA[Found element by By.xpath: .//*[@id='passwd']]]>
            </line>
            <line>
              <![CDATA[value of the [[ChromeDriver: chrome on XP (8a6184f6d0ca2e3146aff613618943bc)] -> xpath: .//*[@id='passwd']] before changed]]>
            </line>
            <line>
              <![CDATA[value of the [[ChromeDriver: chrome on XP (8a6184f6d0ca2e3146aff613618943bc)] -> xpath: .//*[@id='passwd']] after changed]]>
            </line>
            <line>
              <![CDATA[Trying to get element By.xpath: .//*[@id='passwd'] ]]>
            </line>
            <line>
              <![CDATA[Found element by By.xpath: .//*[@id='passwd']]]>
            </line>
            <line>
              <![CDATA[Trying to get element By.xpath: .//*[@id='SubmitLogin'] ]]>
            </line>
            <line>
              <![CDATA[Found element by By.xpath: .//*[@id='SubmitLogin']]]>
            </line>
            <line>
              <![CDATA[clicked on[[ChromeDriver: chrome on XP (8a6184f6d0ca2e3146aff613618943bc)] -> xpath: .//*[@id='SubmitLogin']]]]>
            </line>
            <line>
              <![CDATA[Clicked on [[ChromeDriver: chrome on XP (8a6184f6d0ca2e3146aff613618943bc)] -> xpath: .//*[@id='SubmitLogin']] ]]>
            </line>
            <line>
              <![CDATA[Trying to get element By.xpath: .//*[@id='SubmitLogin'] ]]>
            </line>
            <line>
              <![CDATA[Exception Occurorg.openqa.selenium.NoSuchElementException: no such element: Unable to locate element: {"method":"xpath","selector":".//*[@id='SubmitLogin']"}
  (Session info: chrome=63.0.3239.84)
  (Driver info: chromedriver=2.33.506120 (e3e53437346286c0bc2d2dc9aa4915ba81d9023f),platform=Windows NT 10.0.16299 x86_64) (WARNING: The server did not provide any stacktrace information)
Command duration or timeout: 0 milliseconds
For documentation on this error, please visit: http://seleniumhq.org/exceptions/no_such_element.html
Build info: version: '3.8.1', revision: '6e95a6684b', time: '2017-12-01T18:33:54.468Z'
System info: host: 'DESKTOP-515C8VV', ip: '192.168.182.1', os.name: 'Windows 10', os.arch: 'amd64', os.version: '10.0', java.version: '1.8.0_121'
Driver info: org.openqa.selenium.chrome.ChromeDriver
Capabilities {acceptSslCerts: true, applicationCacheEnabled: false, browserConnectionEnabled: false, browserName: chrome, chrome: {chromedriverVersion: 2.33.506120 (e3e53437346286..., userDataDir: C:\Users\Sharif\AppData\Loc...}, cssSelectorsEnabled: true, databaseEnabled: false, handlesAlerts: true, hasTouchScreen: false, javascriptEnabled: true, locationContextEnabled: true, mobileEmulationEnabled: false, nativeEvents: true, networkConnectionEnabled: false, pageLoadStrategy: normal, platform: XP, platformName: XP, rotatable: false, setWindowRect: true, takesHeapSnapshot: true, takesScreenshot: true, unexpectedAlertBehaviour: , unhandledPromptBehavior: , version: 63.0.3239.84, webStorageEnabled: true}
Session ID: 8a6184f6d0ca2e3146aff613618943bc
*** Element info: {Using=xpath, value=.//*[@id='SubmitLogin']}]]>
            </line>
          </reporter-output>
        </test-method> <!-- loginToCredential -->
        <test-method status="PASS" signature="endTest()[pri:0, instance:homePageTest.TC001_LoginVerify@3cbbc1e0]" name="endTest" is-config="true" duration-ms="778" started-at="2017-12-09T23:44:27Z" finished-at="2017-12-09T23:44:28Z">
          <reporter-output>
          </reporter-output>
        </test-method> <!-- endTest -->
      </class> <!-- homePageTest.TC001_LoginVerify -->
    </test> <!-- Test_LoginVerifying -->
  </suite> <!-- Regression Suit -->
</testng-results>
